<?xml version="1.0" encoding="UTF-8"?>
<!-- Generated by org.testng.reporters.JUnitReportReporter -->
<testsuite hostname="DESKTOP-NLVN7J4" failures="0" tests="1" name="Maven.CrossBrow.crossbrowsing" time="31.854" errors="0" timestamp="15 Dec 2020 07:58:39 GMT" skipped="0">
  <testcase classname="Maven.CrossBrow.crossbrowsing" name="f" time="31.854"/>
</testsuite> <!-- Maven.CrossBrow.crossbrowsing -->
