<?xml version="1.0" encoding="UTF-8"?>
<!-- Generated by org.testng.reporters.JUnitReportReporter -->
<testsuite hostname="DESKTOP-NLVN7J4" failures="0" tests="2" name="testcases.testrun" time="92.691" errors="0" timestamp="24 Dec 2020 12:43:39 GMT" skipped="0">
  <testcase classname="testcases.testrun" name="sprint" time="63.163"/>
  <testcase classname="testcases.testrun" name="sprint" time="29.528"/>
</testsuite> <!-- testcases.testrun -->
